<?xml version="1.0" encoding="UTF-8"?>
<testng-results skipped="0" failed="0" total="1" passed="1">
  <reporter-output>
  </reporter-output>
  <suite name="Default suite" duration-ms="43219" started-at="2016-01-18T17:46:21Z" finished-at="2016-01-18T17:47:04Z">
    <groups>
    </groups>
    <test name="Default test" duration-ms="43219" started-at="2016-01-18T17:46:21Z" finished-at="2016-01-18T17:47:04Z">
      <class name="com.proware.tests.Launchtest">
        <test-method status="PASS" signature="test()[pri:0, instance:com.proware.tests.Launchtest@1cd072a9]" name="test" duration-ms="43205" started-at="2016-01-18T23:16:21Z" finished-at="2016-01-18T23:17:04Z">
          <reporter-output>
          </reporter-output>
        </test-method> <!-- test -->
      </class> <!-- com.proware.tests.Launchtest -->
    </test> <!-- Default test -->
  </suite> <!-- Default suite -->
</testng-results>
